<?xml version="1.0" encoding="UTF-8"?>
<!-- Generated by org.testng.reporters.JUnitReportReporter -->
<testsuite hostname="SOS-RMAQBUL" failures="0" tests="7" name="Sanity_Testing_City.RegisterPage" time="100.561" errors="0" timestamp="2024-02-14T22:23:24 EET" skipped="0">
  <testcase classname="Sanity_Testing_City.RegisterPage" name="Register_With_ValidEmail_And_ValidPassword" time="13.223"/>
  <system-out/>
  <testcase classname="Sanity_Testing_City.RegisterPage" name="Register_With_ValidEmail_And_InvalidPassword" time="12.854"/>
  <system-out/>
  <testcase classname="Sanity_Testing_City.RegisterPage" name="Register_With_InValidEmail_And_ValidPassword" time="14.822"/>
  <system-out/>
  <testcase classname="Sanity_Testing_City.RegisterPage" name="Register_With_InValidEmail_And_InValidPassword" time="15.178"/>
  <system-out/>
  <testcase classname="Sanity_Testing_City.RegisterPage" name="Register_With_Mail_Gender" time="13.804"/>
  <system-out/>
  <testcase classname="Sanity_Testing_City.RegisterPage" name="Register_With_Unspecefied_Gender" time="14.575"/>
  <system-out/>
  <testcase classname="Sanity_Testing_City.RegisterPage" name="Register_With_Existing_Email" time="16.105"/>
  <system-out/>
</testsuite> <!-- Sanity_Testing_City.RegisterPage -->
