<?xml version="1.0" encoding="UTF-8"?>
<!-- Generated by org.testng.reporters.JUnitReportReporter -->
<testsuite hostname="SOS-RMAQBUL" failures="0" tests="1" name="Sanity_Testing_City.AddToWaitListCity" time="32.300" errors="0" timestamp="2024-02-14T22:25:22 EET" skipped="0">
  <testcase classname="Sanity_Testing_City.AddToWaitListCity" name="loginCity_With_Valid_Email_And_Password" time="32.300"/>
  <system-out/>
</testsuite> <!-- Sanity_Testing_City.AddToWaitListCity -->
