<?xml version="1.0" encoding="UTF-8"?>
<!-- Generated by org.testng.reporters.JUnitReportReporter -->
<testsuite hostname="SOS-RMAQBUL" failures="0" tests="1" name="Sanity_Testing_City.BuyCity" time="38.250" errors="0" timestamp="2024-02-14T22:24:33 EET" skipped="0">
  <testcase classname="Sanity_Testing_City.BuyCity" name="BuyFromCity" time="38.250"/>
  <system-out/>
</testsuite> <!-- Sanity_Testing_City.BuyCity -->
