<?xml version="1.0" encoding="UTF-8"?>
<!-- Generated by org.testng.reporters.JUnitReportReporter -->
<testsuite hostname="SOS-RMAQBUL" failures="0" tests="7" name="SanityTesting.RegisterPage" time="143.845" errors="0" timestamp="2024-02-08T00:53:54 EET" skipped="0">
  <testcase classname="SanityTesting.RegisterPage" name="Register_With_ValidEmail_And_ValidPassword" time="23.160"/>
  <system-out/>
  <testcase classname="SanityTesting.RegisterPage" name="Register_With_ValidEmail_And_InvalidPassword" time="19.235"/>
  <system-out/>
  <testcase classname="SanityTesting.RegisterPage" name="Register_With_InValidEmail_And_ValidPassword" time="22.301"/>
  <system-out/>
  <testcase classname="SanityTesting.RegisterPage" name="Register_With_InValidEmail_And_InValidPassword" time="20.584"/>
  <system-out/>
  <testcase classname="SanityTesting.RegisterPage" name="Register_With_Mail_Gender" time="19.642"/>
  <system-out/>
  <testcase classname="SanityTesting.RegisterPage" name="Register_With_Unspecefied_Gender" time="19.917"/>
  <system-out/>
  <testcase classname="SanityTesting.RegisterPage" name="Register_With_Existing_Email" time="19.006"/>
  <system-out/>
</testsuite> <!-- SanityTesting.RegisterPage -->
