<?xml version="1.0" encoding="UTF-8"?>
<!-- Generated by org.testng.reporters.JUnitReportReporter -->
<testsuite hostname="SOS-RMAQBUL" failures="0" tests="1" name="Sanity_Testing_Stores.BuyAndEditCOD" time="138.268" errors="0" timestamp="2024-02-14T22:03:09 EET" skipped="0">
  <testcase classname="Sanity_Testing_Stores.BuyAndEditCOD" name="Buy_COD_Stores" time="138.268"/>
  <system-out/>
</testsuite> <!-- Sanity_Testing_Stores.BuyAndEditCOD -->
