<?xml version="1.0" encoding="UTF-8"?>
<!-- Generated by org.testng.reporters.JUnitReportReporter -->
<testsuite hostname="SOS-RMAQBUL" failures="0" tests="5" name="Sanity_Testing_City.LoginPage" time="68.945" errors="0" timestamp="2024-02-14T22:21:08 EET" skipped="0">
  <testcase classname="Sanity_Testing_City.LoginPage" name="loginCity_With_Valid_Email_And_Password" time="15.567"/>
  <system-out/>
  <testcase classname="Sanity_Testing_City.LoginPage" name="loginCity_With_InValid_Email_And_Valid_Password" time="13.634"/>
  <system-out/>
  <testcase classname="Sanity_Testing_City.LoginPage" name="loginCity_With_Valid_Email_And_InValid_Password" time="12.227"/>
  <system-out/>
  <testcase classname="Sanity_Testing_City.LoginPage" name="loginCity_With_InValid_Email_And_InValid_Password" time="13.764"/>
  <system-out/>
  <testcase classname="Sanity_Testing_City.LoginPage" name="ISRegisteredCityLinkWorked" time="13.753"/>
  <system-out/>
</testsuite> <!-- Sanity_Testing_City.LoginPage -->
