<?xml version="1.0" encoding="UTF-8"?>
<!-- Generated by org.testng.reporters.JUnitReportReporter -->
<testsuite hostname="SOS-RMAQBUL" failures="0" tests="1" name="Sanity_Testing_City.Send_Invitation_City" time="32.079" errors="0" timestamp="2024-02-14T22:13:15 EET" skipped="0">
  <testcase classname="Sanity_Testing_City.Send_Invitation_City" name="Register_With_ValidEmail_And_ValidPassword" time="32.079"/>
  <system-out/>
</testsuite> <!-- Sanity_Testing_City.Send_Invitation_City -->
