<?xml version="1.0" encoding="UTF-8"?>
<!-- Generated by org.testng.reporters.JUnitReportReporter -->
<testsuite hostname="SOS-RMAQBUL" failures="0" tests="5" name="SanityTesting.LoginPage" time="95.849" errors="0" timestamp="2024-02-07T22:24:57 EET" skipped="0">
  <testcase classname="SanityTesting.LoginPage" name="login_With_Valid_Email_And_Password" time="20.423"/>
  <system-out/>
  <testcase classname="SanityTesting.LoginPage" name="login_With_InValid_Email_And_Valid_Password" time="19.165"/>
  <system-out/>
  <testcase classname="SanityTesting.LoginPage" name="login_With_Valid_Email_And_InValid_Password" time="18.304"/>
  <system-out/>
  <testcase classname="SanityTesting.LoginPage" name="login_With_InValid_Email_And_InValid_Password" time="18.064"/>
  <system-out/>
  <testcase classname="SanityTesting.LoginPage" name="ISRegisteredLinkWorked" time="19.893"/>
  <system-out/>
</testsuite> <!-- SanityTesting.LoginPage -->
