<?xml version="1.0" encoding="UTF-8"?>
<!-- Generated by org.testng.reporters.JUnitReportReporter -->
<testsuite hostname="SOS-RMAQBUL" failures="0" tests="1" name="Sanity_Testing_Stores.EditOrderCC" time="131.328" errors="0" timestamp="2024-02-14T21:36:27 EET" skipped="0">
  <testcase classname="Sanity_Testing_Stores.EditOrderCC" name="Buy_CC_Stores" time="131.328"/>
  <system-out/>
</testsuite> <!-- Sanity_Testing_Stores.EditOrderCC -->
