<?xml version="1.0" encoding="UTF-8"?>
<!-- Generated by org.testng.reporters.JUnitReportReporter -->
<testsuite hostname="SOS-RMAQBUL" failures="0" tests="1" name="Sanity_Testing_Stores.Send_Invitation_Stores" time="38.494" errors="0" timestamp="2024-02-14T22:11:24 EET" skipped="0">
  <testcase classname="Sanity_Testing_Stores.Send_Invitation_Stores" name="Send_Invitation_Stores" time="38.494"/>
  <system-out/>
</testsuite> <!-- Sanity_Testing_Stores.Send_Invitation_Stores -->
