<?xml version="1.0" encoding="UTF-8"?>
<!-- Generated by org.testng.reporters.JUnitReportReporter -->
<testsuite hostname="SOS-RMAQBUL" failures="0" tests="7" name="Sanity_Testing_Stores.RegisterPage" time="164.255" errors="0" timestamp="2024-02-14T22:09:51 EET" skipped="0">
  <testcase classname="Sanity_Testing_Stores.RegisterPage" name="Register_With_ValidEmail_And_ValidPassword" time="49.504"/>
  <system-out/>
  <testcase classname="Sanity_Testing_Stores.RegisterPage" name="Register_With_ValidEmail_And_InvalidPassword" time="19.937"/>
  <system-out/>
  <testcase classname="Sanity_Testing_Stores.RegisterPage" name="Register_With_InValidEmail_And_ValidPassword" time="22.238"/>
  <system-out/>
  <testcase classname="Sanity_Testing_Stores.RegisterPage" name="Register_With_InValidEmail_And_InValidPassword" time="18.264"/>
  <system-out/>
  <testcase classname="Sanity_Testing_Stores.RegisterPage" name="Register_With_Mail_Gender" time="17.103"/>
  <system-out/>
  <testcase classname="Sanity_Testing_Stores.RegisterPage" name="Register_With_Unspecefied_Gender" time="19.283"/>
  <system-out/>
  <testcase classname="Sanity_Testing_Stores.RegisterPage" name="Register_With_Existing_Email" time="17.926"/>
  <system-out/>
</testsuite> <!-- Sanity_Testing_Stores.RegisterPage -->
